<?xml version="1.0" encoding="UTF-8"?>
<testsuite name="TestNG"
           tests="2"
           failures="1"
           errors="0"
           skipped="0"
           time="12.131">
  <properties />
            <testcase name="verifyInternetDonutValues" time="9.038" classname="com.digi.selenium.app.DashBoard.Dashboard_Postpaid_BroadBand_Stg">
                <failure type="java.lang.AssertionError"
                  message="expected [0.00 MB] but found [null]"
              >
<![CDATA[java.lang.AssertionError: expected [0.00 MB] but found [null]
  org.testng.Assert.fail(Assert.java:94)
  org.testng.Assert.failNotEquals(Assert.java:496)
  org.testng.Assert.assertEquals(Assert.java:116)
  org.testng.Assert.assertEquals(Assert.java:178)
  org.testng.Assert.assertEquals(Assert.java:188)
  com.digi.selenium.app.DashBoard.Dashboard_Postpaid_BroadBand_Stg.verifyInternetDonutValues(Dashboard_Postpaid_BroadBand_Stg.java:129)
  sun.reflect.NativeMethodAccessorImpl.invoke0(Native Method)
  sun.reflect.NativeMethodAccessorImpl.invoke(Unknown Source)
  sun.reflect.DelegatingMethodAccessorImpl.invoke(Unknown Source)
  java.lang.reflect.Method.invoke(Unknown Source)
  org.testng.internal.MethodInvocationHelper.invokeMethod(MethodInvocationHelper.java:85)
  org.testng.internal.Invoker.invokeMethod(Invoker.java:648)
  org.testng.internal.Invoker.invokeTestMethod(Invoker.java:834)
  org.testng.internal.Invoker.invokeTestMethods(Invoker.java:1142)
  org.testng.internal.TestMethodWorker.invokeTestMethods(TestMethodWorker.java:124)
  org.testng.internal.TestMethodWorker.run(TestMethodWorker.java:108)
  org.testng.TestRunner.privateRun(TestRunner.java:771)
  org.testng.TestRunner.run(TestRunner.java:621)
  org.testng.SuiteRunner.runTest(SuiteRunner.java:357)
  org.testng.SuiteRunner.runSequentially(SuiteRunner.java:352)
  org.testng.SuiteRunner.privateRun(SuiteRunner.java:310)
  org.testng.SuiteRunner.run(SuiteRunner.java:259)
  org.testng.SuiteRunnerWorker.runSuite(SuiteRunnerWorker.java:52)
  org.testng.SuiteRunnerWorker.run(SuiteRunnerWorker.java:86)
  org.testng.TestNG.runSuitesSequentially(TestNG.java:1176)
  org.testng.TestNG.runSuitesLocally(TestNG.java:1101)
  org.testng.TestNG.run(TestNG.java:1009)
  org.testng.remote.RemoteTestNG.run(RemoteTestNG.java:111)
  org.testng.remote.RemoteTestNG.initAndRun(RemoteTestNG.java:204)
  org.testng.remote.RemoteTestNG.main(RemoteTestNG.java:175)
]]>
      </failure>

          </testcase>
  
  
            <testcase name="verifyVoiceDonutValues" time="3.093" classname="com.digi.selenium.app.DashBoard.Dashboard_Postpaid_BroadBand_Stg" />
      
</testsuite>
