<?xml version="1.0" encoding="UTF-8"?>
<testsuite name="TestNG"
           tests="6"
           failures="1"
           errors="0"
           skipped="5"
           time="0.004">
  <properties />
            <testcase name="initDriver" time="0.000" classname="com.digi.selenium.app.AccountOverview.DigiAccountsOverciew_Prepaid">
                <failure type="org.openqa.selenium.WebDriverException"
                  message="unknown error: Cannot read property &apos;getCurrent&apos; of undefined
JavaScript stack:
TypeError: Cannot read property &apos;getCurrent&apos; of undefined
    at updateWindow (chrome-extension://aapnijgdinlhnhlmodcfapnahmbfebeb/background.js:66:17)
    at eval (eval at executeAsyncScript (unknown source), &lt;anonymous&gt;:2:23)
    at executeAsyncScript (&lt;anonymous&gt;:314:26)
    at apply.state (&lt;anonymous&gt;:330:29)
    at callFunction (&lt;anonymous&gt;:222:33)
    at apply.state (&lt;anonymous&gt;:232:23)
    at &lt;anonymous&gt;:233:3
    at Object.InjectedScript._evaluateOn (&lt;anonymous&gt;:904:140)
    at Object.InjectedScript._evaluateAndWrap (&lt;anonymous&gt;:837:34)
    at Object.InjectedScript.evaluate (&lt;anonymous&gt;:693:21)
  (Session info: chrome=45.0.2454.85)
  (Driver info: chromedriver=2.8.241075,platform=Windows NT 6.1 SP1 x86_64) (WARNING: The server did not provide any stacktrace information)
Command duration or timeout: 556 milliseconds
Build info: version: &apos;2.42.0&apos;, revision: &apos;5e824302019c86eae9c8c3ca9155e7307b410cf8&apos;, time: &apos;2014-05-24 09:48:41&apos;
System info: host: &apos;LP-5C260A806D78&apos;, ip: &apos;10.97.71.198&apos;, os.name: &apos;Windows 7&apos;, os.arch: &apos;amd64&apos;, os.version: &apos;6.1&apos;, java.version: &apos;1.7.0_71&apos;
Session ID: b5ad41fd31d1d2c696d0df4a8860147f
Driver info: org.openqa.selenium.chrome.ChromeDriver
Capabilities [{platform=XP, acceptSslCerts=true, javascriptEnabled=true, browserName=chrome, chrome={userDataDir=C:\Users\PRAVAL~1.KUM\AppData\Local\Temp\scoped_dir6888_21049}, rotatable=false, locationContextEnabled=true, version=45.0.2454.85, takesHeapSnapshot=true, cssSelectorsEnabled=true, databaseEnabled=false, handlesAlerts=true, browserConnectionEnabled=false, nativeEvents=true, webStorageEnabled=true, applicationCacheEnabled=false, takesScreenshot=true}]"
              >
<![CDATA[org.openqa.selenium.WebDriverException: unknown error: Cannot read property 'getCurrent' of undefined
JavaScript stack:
TypeError: Cannot read property 'getCurrent' of undefined
    at updateWindow (chrome-extension://aapnijgdinlhnhlmodcfapnahmbfebeb/background.js:66:17)
    at eval (eval at executeAsyncScript (unknown source), <anonymous>:2:23)
    at executeAsyncScript (<anonymous>:314:26)
    at apply.state (<anonymous>:330:29)
    at callFunction (<anonymous>:222:33)
    at apply.state (<anonymous>:232:23)
    at <anonymous>:233:3
    at Object.InjectedScript._evaluateOn (<anonymous>:904:140)
    at Object.InjectedScript._evaluateAndWrap (<anonymous>:837:34)
    at Object.InjectedScript.evaluate (<anonymous>:693:21)
  (Session info: chrome=45.0.2454.85)
  (Driver info: chromedriver=2.8.241075,platform=Windows NT 6.1 SP1 x86_64) (WARNING: The server did not provide any stacktrace information)
Command duration or timeout: 556 milliseconds
Build info: version: '2.42.0', revision: '5e824302019c86eae9c8c3ca9155e7307b410cf8', time: '2014-05-24 09:48:41'
System info: host: 'LP-5C260A806D78', ip: '10.97.71.198', os.name: 'Windows 7', os.arch: 'amd64', os.version: '6.1', java.version: '1.7.0_71'
Session ID: b5ad41fd31d1d2c696d0df4a8860147f
Driver info: org.openqa.selenium.chrome.ChromeDriver
Capabilities [{platform=XP, acceptSslCerts=true, javascriptEnabled=true, browserName=chrome, chrome={userDataDir=C:\Users\PRAVAL~1.KUM\AppData\Local\Temp\scoped_dir6888_21049}, rotatable=false, locationContextEnabled=true, version=45.0.2454.85, takesHeapSnapshot=true, cssSelectorsEnabled=true, databaseEnabled=false, handlesAlerts=true, browserConnectionEnabled=false, nativeEvents=true, webStorageEnabled=true, applicationCacheEnabled=false, takesScreenshot=true}]
  sun.reflect.NativeConstructorAccessorImpl.newInstance0(Native Method)
  sun.reflect.NativeConstructorAccessorImpl.newInstance(Unknown Source)
  sun.reflect.DelegatingConstructorAccessorImpl.newInstance(Unknown Source)
  java.lang.reflect.Constructor.newInstance(Unknown Source)
  org.openqa.selenium.remote.ErrorHandler.createThrowable(ErrorHandler.java:193)
  org.openqa.selenium.remote.ErrorHandler.throwIfResponseFailed(ErrorHandler.java:145)
  org.openqa.selenium.remote.RemoteWebDriver.execute(RemoteWebDriver.java:596)
  org.openqa.selenium.remote.RemoteWebDriver$RemoteWebDriverOptions$RemoteWindow.maximize(RemoteWebDriver.java:826)
  com.digi.selenium.util.common.PageNavigation.setUpDriver(PageNavigation.java:137)
  com.digi.selenium.util.AccountOverview.DigiAccountsOverview_Prepaid_Util.setUp(DigiAccountsOverview_Prepaid_Util.java:45)
  com.digi.selenium.app.AccountOverview.DigiAccountsOverciew_Prepaid.initDriver(DigiAccountsOverciew_Prepaid.java:17)
  sun.reflect.NativeMethodAccessorImpl.invoke0(Native Method)
  sun.reflect.NativeMethodAccessorImpl.invoke(Unknown Source)
  sun.reflect.DelegatingMethodAccessorImpl.invoke(Unknown Source)
  java.lang.reflect.Method.invoke(Unknown Source)
  org.testng.internal.MethodInvocationHelper.invokeMethod(MethodInvocationHelper.java:85)
  org.testng.internal.Invoker.invokeConfigurationMethod(Invoker.java:515)
  org.testng.internal.Invoker.invokeConfigurations(Invoker.java:213)
  org.testng.internal.Invoker.invokeConfigurations(Invoker.java:140)
  org.testng.internal.TestMethodWorker.invokeBeforeClassMethods(TestMethodWorker.java:170)
  org.testng.internal.TestMethodWorker.run(TestMethodWorker.java:104)
  org.testng.TestRunner.privateRun(TestRunner.java:771)
  org.testng.TestRunner.run(TestRunner.java:621)
  org.testng.SuiteRunner.runTest(SuiteRunner.java:357)
  org.testng.SuiteRunner.runSequentially(SuiteRunner.java:352)
  org.testng.SuiteRunner.privateRun(SuiteRunner.java:310)
  org.testng.SuiteRunner.run(SuiteRunner.java:259)
  org.testng.SuiteRunnerWorker.runSuite(SuiteRunnerWorker.java:52)
  org.testng.SuiteRunnerWorker.run(SuiteRunnerWorker.java:86)
  org.testng.TestNG.runSuitesSequentially(TestNG.java:1176)
  org.testng.TestNG.runSuitesLocally(TestNG.java:1101)
  org.testng.TestNG.run(TestNG.java:1009)
  org.testng.remote.RemoteTestNG.run(RemoteTestNG.java:111)
  org.testng.remote.RemoteTestNG.initAndRun(RemoteTestNG.java:204)
  org.testng.remote.RemoteTestNG.main(RemoteTestNG.java:175)
]]>
      </failure>

          </testcase>
  
            <testcase name="terminateBrowser" time="0.0" classname="com.digi.selenium.app.AccountOverview.DigiAccountsOverciew_Prepaid">
          <skipped />
    </testcase>
            <testcase name="validateMsisdn" time="0.0" classname="com.digi.selenium.app.AccountOverview.DigiAccountsOverciew_Prepaid">
          <skipped />
    </testcase>
            <testcase name="validateAccountName" time="0.0" classname="com.digi.selenium.app.AccountOverview.DigiAccountsOverciew_Prepaid">
          <skipped />
    </testcase>
            <testcase name="validateBalance" time="0.0" classname="com.digi.selenium.app.AccountOverview.DigiAccountsOverciew_Prepaid">
          <skipped />
    </testcase>
            <testcase name="validateAccountNo" time="0.0" classname="com.digi.selenium.app.AccountOverview.DigiAccountsOverciew_Prepaid">
          <skipped />
    </testcase>
  
  
</testsuite>
