<html>
<head>
<title>TestNG:  TestNG</title>
<link href="../testng.css" rel="stylesheet" type="text/css" />
<link href="../my-testng.css" rel="stylesheet" type="text/css" />

<style type="text/css">
.log { display: none;} 
.stack-trace { display: none;} 
</style>
<script type="text/javascript">
<!--
function flip(e) {
  current = e.style.display;
  if (current == 'block') {
    e.style.display = 'none';
    return 0;
  }
  else {
    e.style.display = 'block';
    return 1;
  }
}

function toggleBox(szDivId, elem, msg1, msg2)
{
  var res = -1;  if (document.getElementById) {
    res = flip(document.getElementById(szDivId));
  }
  else if (document.all) {
    // this is the way old msie versions work
    res = flip(document.all[szDivId]);
  }
  if(elem) {
    if(res == 0) elem.innerHTML = msg1; else elem.innerHTML = msg2;
  }

}

function toggleAllBoxes() {
  if (document.getElementsByTagName) {
    d = document.getElementsByTagName('div');
    for (i = 0; i < d.length; i++) {
      if (d[i].className == 'log') {
        flip(d[i]);
      }
    }
  }
}

// -->
</script>

</head>
<body>
<h2 align='center'>TestNG</h2><table border='1' align="center">
<tr>
<td>Tests passed/Failed/Skipped:</td><td>0/0/2</td>
</tr><tr>
<td>Started on:</td><td>Fri Sep 11 13:45:51 IST 2015</td>
</tr>
<tr><td>Total time:</td><td>114 seconds (114925 ms)</td>
</tr><tr>
<td>Included groups:</td><td></td>
</tr><tr>
<td>Excluded groups:</td><td></td>
</tr>
</table><p/>
<small><i>(Hover the method name to see the test class name)</i></small><p/>
<table width='100%' border='1' class='invocation-failed'>
<tr><td colspan='4' align='center'><b>FAILED CONFIGURATIONS</b></td></tr>
<tr><td><b>Test method</b></td>
<td width="30%"><b>Exception</b></td>
<td width="10%"><b>Time (seconds)</b></td>
<td><b>Instance</b></td>
</tr>
<tr>
<td title='com.digi.selenium.app.Stores_Orders.Store_Orders_Postpaid.initDriver()'><b>initDriver</b><br>Test class: com.digi.selenium.app.Stores_Orders.Store_Orders_Postpaid</td>
<td><div><pre>org.openqa.selenium.NoSuchElementException: no such element
  (Session info: chrome=45.0.2454.85)
  (Driver info: chromedriver=2.8.241075,platform=Windows NT 6.1 SP1 x86_64) (WARNING: The server did not provide any stacktrace information)
Command duration or timeout: 101.93 seconds
For documentation on this error, please visit: http://seleniumhq.org/exceptions/no_such_element.html
Build info: version: &apos;2.42.0&apos;, revision: &apos;5e824302019c86eae9c8c3ca9155e7307b410cf8&apos;, time: &apos;2014-05-24 09:48:41&apos;
System info: host: &apos;DS-005056C00008&apos;, ip: &apos;169.254.60.182&apos;, os.name: &apos;Windows 7&apos;, os.arch: &apos;amd64&apos;, os.version: &apos;6.1&apos;, java.version: &apos;1.8.0_45&apos;
Driver info: org.openqa.selenium.chrome.ChromeDriver
Capabilities [{applicationCacheEnabled=false, rotatable=false, chrome={userDataDir=C:\Users\PRAMOD~1\AppData\Local\Temp\scoped_dir1976_15537}, takesHeapSnapshot=true, databaseEnabled=false, handlesAlerts=true, version=45.0.2454.85, platform=XP, browserConnectionEnabled=false, nativeEvents=true, acceptSslCerts=true, locationContextEnabled=true, webStorageEnabled=true, browserName=chrome, takesScreenshot=true, javascriptEnabled=true, cssSelectorsEnabled=true}]
Session ID: 38bcbeb378b625fb88c852fbd7b99e54
	at org.openqa.selenium.remote.ErrorHandler.createThrowable(ErrorHandler.java:193)
	at org.openqa.selenium.remote.ErrorHandler.throwIfResponseFailed(ErrorHandler.java:145)
	at org.openqa.selenium.remote.RemoteWebDriver.execute(RemoteWebDriver.java:596)
	at org.openqa.selenium.remote.RemoteWebDriver.findElement(RemoteWebDriver.java:349)
	at org.openqa.selenium.remote.RemoteWebDriver.findElementByLinkText(RemoteWebDriver.java:398)
	at org.openqa.selenium.By$ByLinkText.findElement(By.java:242)
	at org.openqa.selenium.remote.RemoteWebDriver.findElement(RemoteWebDriver.java:341)
	at com.digi.selenium.util.common.PageNavigation.handleLink_ByText(PageNavigation.java:890)
	at com.digi.selenium.util.common.PageNavigation.signInWithMSSIDN_stage(PageNavigation.java:950)
	at com.digi.selenium.util.Stores_Orders.Stores_Orders_Postpaid_Util.setUp(Stores_Orders_Postpaid_Util.java:43)
	at com.digi.selenium.app.Stores_Orders.Store_Orders_Postpaid.initDriver(Store_Orders_Postpaid.java:26)
... Removed 28 stack frames</pre></div><a href='#' onClick='toggleBox("stack-trace290579508", this, "Click to show all stack frames", "Click to hide stack frames")'>Click to show all stack frames</a>
<div class='stack-trace' id='stack-trace290579508'><pre>org.openqa.selenium.NoSuchElementException: no such element
  (Session info: chrome=45.0.2454.85)
  (Driver info: chromedriver=2.8.241075,platform=Windows NT 6.1 SP1 x86_64) (WARNING: The server did not provide any stacktrace information)
Command duration or timeout: 101.93 seconds
For documentation on this error, please visit: http://seleniumhq.org/exceptions/no_such_element.html
Build info: version: &apos;2.42.0&apos;, revision: &apos;5e824302019c86eae9c8c3ca9155e7307b410cf8&apos;, time: &apos;2014-05-24 09:48:41&apos;
System info: host: &apos;DS-005056C00008&apos;, ip: &apos;169.254.60.182&apos;, os.name: &apos;Windows 7&apos;, os.arch: &apos;amd64&apos;, os.version: &apos;6.1&apos;, java.version: &apos;1.8.0_45&apos;
Driver info: org.openqa.selenium.chrome.ChromeDriver
Capabilities [{applicationCacheEnabled=false, rotatable=false, chrome={userDataDir=C:\Users\PRAMOD~1\AppData\Local\Temp\scoped_dir1976_15537}, takesHeapSnapshot=true, databaseEnabled=false, handlesAlerts=true, version=45.0.2454.85, platform=XP, browserConnectionEnabled=false, nativeEvents=true, acceptSslCerts=true, locationContextEnabled=true, webStorageEnabled=true, browserName=chrome, takesScreenshot=true, javascriptEnabled=true, cssSelectorsEnabled=true}]
Session ID: 38bcbeb378b625fb88c852fbd7b99e54
	at sun.reflect.NativeConstructorAccessorImpl.newInstance0(Native Method)
	at sun.reflect.NativeConstructorAccessorImpl.newInstance(Unknown Source)
	at sun.reflect.DelegatingConstructorAccessorImpl.newInstance(Unknown Source)
	at java.lang.reflect.Constructor.newInstance(Unknown Source)
	at org.openqa.selenium.remote.ErrorHandler.createThrowable(ErrorHandler.java:193)
	at org.openqa.selenium.remote.ErrorHandler.throwIfResponseFailed(ErrorHandler.java:145)
	at org.openqa.selenium.remote.RemoteWebDriver.execute(RemoteWebDriver.java:596)
	at org.openqa.selenium.remote.RemoteWebDriver.findElement(RemoteWebDriver.java:349)
	at org.openqa.selenium.remote.RemoteWebDriver.findElementByLinkText(RemoteWebDriver.java:398)
	at org.openqa.selenium.By$ByLinkText.findElement(By.java:242)
	at org.openqa.selenium.remote.RemoteWebDriver.findElement(RemoteWebDriver.java:341)
	at com.digi.selenium.util.common.PageNavigation.handleLink_ByText(PageNavigation.java:890)
	at com.digi.selenium.util.common.PageNavigation.signInWithMSSIDN_stage(PageNavigation.java:950)
	at com.digi.selenium.util.Stores_Orders.Stores_Orders_Postpaid_Util.setUp(Stores_Orders_Postpaid_Util.java:43)
	at com.digi.selenium.app.Stores_Orders.Store_Orders_Postpaid.initDriver(Store_Orders_Postpaid.java:26)
	at sun.reflect.NativeMethodAccessorImpl.invoke0(Native Method)
	at sun.reflect.NativeMethodAccessorImpl.invoke(Unknown Source)
	at sun.reflect.DelegatingMethodAccessorImpl.invoke(Unknown Source)
	at java.lang.reflect.Method.invoke(Unknown Source)
	at org.testng.internal.MethodInvocationHelper.invokeMethod(MethodInvocationHelper.java:85)
	at org.testng.internal.Invoker.invokeConfigurationMethod(Invoker.java:515)
	at org.testng.internal.Invoker.invokeConfigurations(Invoker.java:213)
	at org.testng.internal.Invoker.invokeConfigurations(Invoker.java:140)
	at org.testng.internal.TestMethodWorker.invokeBeforeClassMethods(TestMethodWorker.java:170)
	at org.testng.internal.TestMethodWorker.run(TestMethodWorker.java:104)
	at org.testng.TestRunner.privateRun(TestRunner.java:771)
	at org.testng.TestRunner.run(TestRunner.java:621)
	at org.testng.SuiteRunner.runTest(SuiteRunner.java:357)
	at org.testng.SuiteRunner.runSequentially(SuiteRunner.java:352)
	at org.testng.SuiteRunner.privateRun(SuiteRunner.java:310)
	at org.testng.SuiteRunner.run(SuiteRunner.java:259)
	at org.testng.SuiteRunnerWorker.runSuite(SuiteRunnerWorker.java:52)
	at org.testng.SuiteRunnerWorker.run(SuiteRunnerWorker.java:86)
	at org.testng.TestNG.runSuitesSequentially(TestNG.java:1176)
	at org.testng.TestNG.runSuitesLocally(TestNG.java:1101)
	at org.testng.TestNG.run(TestNG.java:1009)
	at org.testng.remote.RemoteTestNG.run(RemoteTestNG.java:111)
	at org.testng.remote.RemoteTestNG.initAndRun(RemoteTestNG.java:204)
	at org.testng.remote.RemoteTestNG.main(RemoteTestNG.java:175)
</pre></div></td>
<td>0</td>
<td>com.digi.selenium.app.Stores_Orders.Store_Orders_Postpaid@7d907bac</td></tr>
</table><p>
<table width='100%' border='1' class='invocation-skipped'>
<tr><td colspan='4' align='center'><b>SKIPPED CONFIGURATIONS</b></td></tr>
<tr><td><b>Test method</b></td>
<td width="30%"><b>Exception</b></td>
<td width="10%"><b>Time (seconds)</b></td>
<td><b>Instance</b></td>
</tr>
<tr>
<td title='com.digi.selenium.app.Stores_Orders.Store_Orders_Postpaid.terminateBrowser()'><b>terminateBrowser</b><br>Test class: com.digi.selenium.app.Stores_Orders.Store_Orders_Postpaid</td>
<td></td>
<td>0</td>
<td>com.digi.selenium.app.Stores_Orders.Store_Orders_Postpaid@7d907bac</td></tr>
</table><p>
<table width='100%' border='1' class='invocation-skipped'>
<tr><td colspan='4' align='center'><b>SKIPPED TESTS</b></td></tr>
<tr><td><b>Test method</b></td>
<td width="30%"><b>Exception</b></td>
<td width="10%"><b>Time (seconds)</b></td>
<td><b>Instance</b></td>
</tr>
<tr>
<td title='com.digi.selenium.app.Stores_Orders.Store_Orders_Postpaid.validateStoreNordersEmail_id_Postpaid()'><b>validateStoreNordersEmail_id_Postpaid</b><br>Test class: com.digi.selenium.app.Stores_Orders.Store_Orders_Postpaid</td>
<td></td>
<td>0</td>
<td>com.digi.selenium.app.Stores_Orders.Store_Orders_Postpaid@7d907bac</td></tr>
<tr>
<td title='com.digi.selenium.app.Stores_Orders.Store_Orders_Postpaid.validateStoreNordersOrderNo_Postpaid()'><b>validateStoreNordersOrderNo_Postpaid</b><br>Test class: com.digi.selenium.app.Stores_Orders.Store_Orders_Postpaid</td>
<td></td>
<td>0</td>
<td>com.digi.selenium.app.Stores_Orders.Store_Orders_Postpaid@7d907bac</td></tr>
</table><p>
</body>
</html>