<?xml version="1.0" encoding="UTF-8"?>
<!-- Generated by org.testng.reporters.JUnitXMLReporter -->
<testsuite hostname="DS-005056C00008" name="TestNG" tests="2" failures="0" timestamp="11 Sep 2015 08:17:46 GMT" time="114.925" errors="0">
  <testcase name="@BeforeClass initDriver" time="0.0" classname="com.digi.selenium.app.Stores_Orders.Store_Orders_Postpaid">
    <failure type="org.openqa.selenium.NoSuchElementException" message="no such element
  (Session info: chrome=45.0.2454.85)
  (Driver info: chromedriver=2.8.241075,platform=Windows NT 6.1 SP1 x86_64) (WARNING: The server did not provide any stacktrace information)
Command duration or timeout: 101.93 seconds
For documentation on this error, please visit: http://seleniumhq.org/exceptions/no_such_element.html
Build info: version: &amp;apos;2.42.0&amp;apos;, revision: &amp;apos;5e824302019c86eae9c8c3ca9155e7307b410cf8&amp;apos;, time: &amp;apos;2014-05-24 09:48:41&amp;apos;
System info: host: &amp;apos;DS-005056C00008&amp;apos;, ip: &amp;apos;169.254.60.182&amp;apos;, os.name: &amp;apos;Windows 7&amp;apos;, os.arch: &amp;apos;amd64&amp;apos;, os.version: &amp;apos;6.1&amp;apos;, java.version: &amp;apos;1.8.0_45&amp;apos;
Driver info: org.openqa.selenium.chrome.ChromeDriver
Capabilities [{applicationCacheEnabled=false, rotatable=false, chrome={userDataDir=C:\Users\PRAMOD~1\AppData\Local\Temp\scoped_dir1976_15537}, takesHeapSnapshot=true, databaseEnabled=false, handlesAlerts=true, version=45.0.2454.85, platform=XP, browserConnectionEnabled=false, nativeEvents=true, acceptSslCerts=true, locationContextEnabled=true, webStorageEnabled=true, browserName=chrome, takesScreenshot=true, javascriptEnabled=true, cssSelectorsEnabled=true}]
Session ID: 38bcbeb378b625fb88c852fbd7b99e54">
      <![CDATA[org.openqa.selenium.NoSuchElementException: no such element
  (Session info: chrome=45.0.2454.85)
  (Driver info: chromedriver=2.8.241075,platform=Windows NT 6.1 SP1 x86_64) (WARNING: The server did not provide any stacktrace information)
Command duration or timeout: 101.93 seconds
For documentation on this error, please visit: http://seleniumhq.org/exceptions/no_such_element.html
Build info: version: '2.42.0', revision: '5e824302019c86eae9c8c3ca9155e7307b410cf8', time: '2014-05-24 09:48:41'
System info: host: 'DS-005056C00008', ip: '169.254.60.182', os.name: 'Windows 7', os.arch: 'amd64', os.version: '6.1', java.version: '1.8.0_45'
Driver info: org.openqa.selenium.chrome.ChromeDriver
Capabilities [{applicationCacheEnabled=false, rotatable=false, chrome={userDataDir=C:\Users\PRAMOD~1\AppData\Local\Temp\scoped_dir1976_15537}, takesHeapSnapshot=true, databaseEnabled=false, handlesAlerts=true, version=45.0.2454.85, platform=XP, browserConnectionEnabled=false, nativeEvents=true, acceptSslCerts=true, locationContextEnabled=true, webStorageEnabled=true, browserName=chrome, takesScreenshot=true, javascriptEnabled=true, cssSelectorsEnabled=true}]
Session ID: 38bcbeb378b625fb88c852fbd7b99e54
	at org.openqa.selenium.remote.ErrorHandler.createThrowable(ErrorHandler.java:193)
	at org.openqa.selenium.remote.ErrorHandler.throwIfResponseFailed(ErrorHandler.java:145)
	at org.openqa.selenium.remote.RemoteWebDriver.execute(RemoteWebDriver.java:596)
	at org.openqa.selenium.remote.RemoteWebDriver.findElement(RemoteWebDriver.java:349)
	at org.openqa.selenium.remote.RemoteWebDriver.findElementByLinkText(RemoteWebDriver.java:398)
	at org.openqa.selenium.By$ByLinkText.findElement(By.java:242)
	at org.openqa.selenium.remote.RemoteWebDriver.findElement(RemoteWebDriver.java:341)
	at com.digi.selenium.util.common.PageNavigation.handleLink_ByText(PageNavigation.java:890)
	at com.digi.selenium.util.common.PageNavigation.signInWithMSSIDN_stage(PageNavigation.java:950)
	at com.digi.selenium.util.Stores_Orders.Stores_Orders_Postpaid_Util.setUp(Stores_Orders_Postpaid_Util.java:43)
	at com.digi.selenium.app.Stores_Orders.Store_Orders_Postpaid.initDriver(Store_Orders_Postpaid.java:26)
... Removed 28 stack frames]]>
    </failure>
  </testcase> <!-- @BeforeClass initDriver -->
  <testcase name="@AfterClass terminateBrowser" time="0.0" classname="com.digi.selenium.app.Stores_Orders.Store_Orders_Postpaid">
    <skipped/>
  </testcase> <!-- @AfterClass terminateBrowser -->
  <testcase name="validateStoreNordersOrderNo_Postpaid" time="0.001" classname="com.digi.selenium.app.Stores_Orders.Store_Orders_Postpaid">
    <skipped/>
  </testcase> <!-- validateStoreNordersOrderNo_Postpaid -->
  <testcase name="validateStoreNordersEmail_id_Postpaid" time="0.0" classname="com.digi.selenium.app.Stores_Orders.Store_Orders_Postpaid">
    <skipped/>
  </testcase> <!-- validateStoreNordersEmail_id_Postpaid -->
</testsuite> <!-- TestNG -->
